2015-05-08 16:04:56,439 INFO  [Log] Openign the browser with the given URL 
2015-05-08 16:04:56,981 INFO  [Log] clickOnLogo element is found 
2015-05-08 16:05:00,189 INFO  [Log] Selecting a product form home page and moving to detail about the product 
2015-05-08 16:05:01,305 INFO  [Log] Continue Shopping 
2015-05-08 16:05:02,005 INFO  [Log] Selecting a product form home page and moving to detail about the product 
2015-05-08 16:05:02,927 INFO  [Log] Continue Shopping 
2015-05-08 16:05:03,289 INFO  [Log] The titiel is Blouse 
2015-05-08 16:05:03,399 INFO  [Log] The titiel is Faded Short Sleeve T-shirts 
2015-05-08 16:05:03,399 INFO  [Log] Selected item is not in cart 
2015-05-08 16:05:16,559 INFO  [Log] Closing the browser 
2015-05-08 16:39:24,801 INFO  [Log] Openign the browser with the given URL 
2015-05-08 16:39:25,313 INFO  [Log] clickOnLogo element is found 
2015-05-08 16:39:28,425 INFO  [Log] Selecting a product form home page and moving to detail about the product 
2015-05-08 16:39:29,575 INFO  [Log] Continue Shopping 
2015-05-08 16:39:30,205 INFO  [Log] Selecting a product form home page and moving to detail about the product 
2015-05-08 16:39:30,985 INFO  [Log] Continue Shopping 
2015-05-08 16:39:31,345 INFO  [Log] The titiel is Blouse 
2015-05-08 16:39:31,465 INFO  [Log] Selected item is not in cart 
2015-05-08 16:39:34,370 INFO  [Log] Closing the browser 
2015-05-08 16:40:37,572 INFO  [Log] Openign the browser with the given URL 
2015-05-08 16:40:38,106 INFO  [Log] clickOnLogo element is found 
2015-05-08 16:40:41,255 INFO  [Log] Selecting a product form home page and moving to detail about the product 
2015-05-08 16:40:42,313 INFO  [Log] Continue Shopping 
2015-05-08 16:40:42,978 INFO  [Log] Selecting a product form home page and moving to detail about the product 
2015-05-08 16:40:43,733 INFO  [Log] Continue Shopping 
2015-05-08 16:40:44,098 INFO  [Log] The titiel is Blouse 
2015-05-08 16:40:44,218 INFO  [Log] The titiel is Faded Short Sleeve T-shirts 
2015-05-08 16:40:44,218 INFO  [Log] Selected item is not in cart 
2015-05-08 16:40:47,275 INFO  [Log] Closing the browser 
